0 info it worked if it ends with ok
1 verbose cli [
1 verbose cli   '/home/eduardo/.nvm/versions/node/v12.17.0/bin/node',
1 verbose cli   '/home/eduardo/.nvm/versions/node/v12.17.0/bin/npm',
1 verbose cli   'run',
1 verbose cli   'integration-test',
1 verbose cli   '--no-cache'
1 verbose cli ]
2 info using npm@6.14.4
3 info using node@v12.17.0
4 verbose run-script [ 'preintegration-test', 'integration-test', 'postintegration-test' ]
5 info lifecycle twitter@1.0.0~preintegration-test: twitter@1.0.0
6 info lifecycle twitter@1.0.0~integration-test: twitter@1.0.0
7 verbose lifecycle twitter@1.0.0~integration-test: unsafe-perm in lifecycle true
8 verbose lifecycle twitter@1.0.0~integration-test: PATH: /home/eduardo/.nvm/versions/node/v12.17.0/lib/node_modules/npm/node_modules/npm-lifecycle/node-gyp-bin:/home/eduardo/Documents/Programming/appsync-serverless-twitter/twitter/node_modules/.bin:/home/eduardo/.zinit/polaris/sbin:/home/eduardo/.zinit/polaris/bin:/home/eduardo/.nvm/versions/node/v12.17.0/bin:/usr/local/sbin:/usr/local/bin:/usr/sbin:/usr/bin:/sbin:/bin:/usr/games:/usr/local/games:/snap/bin:/home/eduardo/Android/Sdk/emulator:/home/eduardo/Android/Sdk/tools:/home/eduardo/Android/Sdk/tools/bin:/home/eduardo/Android/Sdk/platform-tools:/home/eduardo/.yarn/bin:/home/eduardo/Android/Sdk/emulator:/home/eduardo/Android/Sdk/tools:/home/eduardo/Android/Sdk/tools/bin:/home/eduardo/Android/Sdk/platform-tools:/home/eduardo/.yarn/bin
9 verbose lifecycle twitter@1.0.0~integration-test: CWD: /home/eduardo/Documents/Programming/appsync-serverless-twitter/twitter
10 silly lifecycle twitter@1.0.0~integration-test: Args: [ '-c', 'jest --verbose ./__tests__/test_cases/integration' ]
11 silly lifecycle twitter@1.0.0~integration-test: Returned: code: 1  signal: null
12 info lifecycle twitter@1.0.0~integration-test: Failed to exec integration-test script
13 verbose stack Error: twitter@1.0.0 integration-test: `jest --verbose ./__tests__/test_cases/integration`
13 verbose stack Exit status 1
13 verbose stack     at EventEmitter.<anonymous> (/home/eduardo/.nvm/versions/node/v12.17.0/lib/node_modules/npm/node_modules/npm-lifecycle/index.js:332:16)
13 verbose stack     at EventEmitter.emit (events.js:315:20)
13 verbose stack     at ChildProcess.<anonymous> (/home/eduardo/.nvm/versions/node/v12.17.0/lib/node_modules/npm/node_modules/npm-lifecycle/lib/spawn.js:55:14)
13 verbose stack     at ChildProcess.emit (events.js:315:20)
13 verbose stack     at maybeClose (internal/child_process.js:1021:16)
13 verbose stack     at Process.ChildProcess._handle.onexit (internal/child_process.js:286:5)
14 verbose pkgid twitter@1.0.0
15 verbose cwd /home/eduardo/Documents/Programming/appsync-serverless-twitter/twitter
16 verbose Linux 5.4.0-56-generic
17 verbose argv "/home/eduardo/.nvm/versions/node/v12.17.0/bin/node" "/home/eduardo/.nvm/versions/node/v12.17.0/bin/npm" "run" "integration-test" "--no-cache"
18 verbose node v12.17.0
19 verbose npm  v6.14.4
20 error code ELIFECYCLE
21 error errno 1
22 error twitter@1.0.0 integration-test: `jest --verbose ./__tests__/test_cases/integration`
22 error Exit status 1
23 error Failed at the twitter@1.0.0 integration-test script.
23 error This is probably not a problem with npm. There is likely additional logging output above.
24 verbose exit [ 1, true ]
